<?xml version="1.0" encoding="UTF-8"?>
<testng-results ignored="0" total="1" passed="1" failed="0" skipped="0">
  <reporter-output>
  </reporter-output>
  <suite started-at="2018-09-15T13:05:50Z" name="apiAutomation.StatusCoreTest" finished-at="2018-09-15T13:06:09Z" duration-ms="18193">
    <groups>
    </groups>
    <test started-at="2018-09-15T13:05:50Z" name="Command line test" finished-at="2018-09-15T13:06:09Z" duration-ms="18193">
      <class name="apiAutomation.StatusCoreTest">
        <test-method is-config="true" signature="loadTestData()[pri:0, instance:apiAutomation.StatusCoreTest@dbf57b3]" started-at="2018-09-15T13:05:50Z" name="loadTestData" finished-at="2018-09-15T13:05:50Z" duration-ms="14" status="PASS">
          <reporter-output>
          </reporter-output>
        </test-method> <!-- loadTestData -->
        <test-method signature="runTests()[pri:0, instance:apiAutomation.StatusCoreTest@dbf57b3]" started-at="2018-09-15T13:05:50Z" name="runTests" finished-at="2018-09-15T13:06:09Z" duration-ms="18151" status="PASS">
          <reporter-output>
          </reporter-output>
        </test-method> <!-- runTests -->
      </class> <!-- apiAutomation.StatusCoreTest -->
    </test> <!-- Command line test -->
  </suite> <!-- apiAutomation.StatusCoreTest -->
</testng-results>
